<?xml version="1.0" encoding="UTF-8"?>
<!-- Generated by org.testng.reporters.JUnitXMLReporter -->
<testsuite ignored="2" hostname="Chaitanya" failures="0" tests="1" name="Default test" time="9.672" errors="0" timestamp="2022-07-15T18:20:03 IST">
  <testcase classname="com.demo.insuranceCalculation_Motorcycle.ErrorTests_Motorcycle" name="verify_model_dropdown_options" time="1.564"/>
  <testcase classname="com.demo.insuranceCalculation_Motorcycle.ErrorTests_Motorcycle" name="errorMessage_CylinderCapacityField" time="0.0">
    <ignored/>
  </testcase> <!-- errorMessage_CylinderCapacityField -->
  <testcase classname="com.demo.insuranceCalculation_Motorcycle.ErrorTests_Motorcycle" name="errorMessage_CylinderCapacityField1" time="0.0">
    <ignored/>
  </testcase> <!-- errorMessage_CylinderCapacityField1 -->
</testsuite> <!-- Default test -->
