<?xml version="1.0" encoding="UTF-8"?>
<testsuite xmlns:xsi="http://www.w3.org/2001/XMLSchema-instance" xsi:noNamespaceSchemaLocation="https://maven.apache.org/surefire/maven-surefire-plugin/xsd/surefire-test-report-3.0.xsd" version="3.0" name="TestSuite" time="68.702" tests="2" errors="0" skipped="0" failures="0">
  <properties>
[...]
</properties>
  <testcase name="insuranceCalculate" classname="com.demo.insuranceCalculation_Motorcycle.EndToEndTests_Motorcycle" time="16.791">
    <system-out><![CDATA[Browser::::::::::::::::::::::::edge
This is Test data: {Vehicle_no of seats=2.0, Product_startdate=12/12/2023, Product_optionalproducts=Euro Protection, PriceValidation_Gold=238.0, TC No=1, Vehicle Model=Motorcycle, Vehicle_Annual Mileage=100.0, Product_insurancesum=5000000.0, Vehicle_Date of Manufacture=09/04/2019, SelectOption=Silver, Vehicle Cylinder Capacity=333.0, PriceValidation_Ultimate=2621.0, PriceValidation_Silver=701.0, Vehicle_listPrice=888.0, Insurant_lastName=NNN, Insurant_occupation=Farmer, Vehicle Make=Honda, Vehicle_Enging Performance=666.0, Insurant_imageFilePath=??, Insurant_country=India, Insurant_zipcode=444061.0, Insurant_hobby=speeding,Other, Product_damageinsurance=Partial Coverage, TC Name=Vehicle Insurance Premium for Honda MotorCycle, PriceValidation_Platinum=1376.0, Insurant_FirstName=Prakash, Insurant_birthdate=12/12/1989, Insurant_gender=Male}
Male
]]></system-out>
    <system-err><![CDATA[SLF4J: Failed to load class "org.slf4j.impl.StaticLoggerBinder".
SLF4J: Defaulting to no-operation (NOP) logger implementation
SLF4J: See http://www.slf4j.org/codes.html#StaticLoggerBinder for further details.
Jul 21, 2022 10:27:06 PM org.openqa.selenium.remote.ProtocolHandshake createSession
INFO: Detected dialect: W3C
ERROR StatusLogger Log4j2 could not find a logging implementation. Please add log4j-core to the classpath. Using SimpleLogger to log to the console...
]]></system-err>
  </testcase>
  <testcase name="verify_model_dropdown_options" classname="com.demo.insuranceCalculation_Motorcycle.ErrorTests_Motorcycle" time="2.75">
    <system-out><![CDATA[Browser::::::::::::::::::::::::edge
]]></system-out>
    <system-err><![CDATA[Jul 21, 2022 10:27:58 PM org.openqa.selenium.remote.ProtocolHandshake createSession
INFO: Detected dialect: W3C
]]></system-err>
  </testcase>
</testsuite>