<?xml version="1.0" encoding="UTF-8"?>
<testng-results ignored="3" total="5" passed="2" failed="0" skipped="0">
  <reporter-output>
  </reporter-output>
  <suite started-at="2022-07-21T22:26:59 IST" name="Suite" finished-at="2022-07-21T22:28:06 IST" duration-ms="67381">
    <groups>
    </groups>
    <test started-at="2022-07-21T22:26:59 IST" name="Test" finished-at="2022-07-21T22:28:06 IST" duration-ms="67381">
      <class name="com.demo.insuranceCalculation_Motorcycle.ErrorTests_Motorcycle">
        <test-method is-config="true" signature="setup()[pri:0, instance:com.demo.insuranceCalculation_Motorcycle.ErrorTests_Motorcycle@399c4be1]" started-at="2022-07-21T22:27:30 IST" name="setup" finished-at="2022-07-21T22:28:02 IST" duration-ms="32789" status="PASS">
          <reporter-output>
          </reporter-output>
        </test-method> <!-- setup -->
        <test-method signature="verify_model_dropdown_options()[pri:0, instance:com.demo.insuranceCalculation_Motorcycle.ErrorTests_Motorcycle@399c4be1]" started-at="2022-07-21T22:28:02 IST" name="verify_model_dropdown_options" finished-at="2022-07-21T22:28:05 IST" duration-ms="2748" status="PASS">
          <reporter-output>
          </reporter-output>
        </test-method> <!-- verify_model_dropdown_options -->
        <test-method is-config="true" signature="teardown()[pri:0, instance:com.demo.insuranceCalculation_Motorcycle.ErrorTests_Motorcycle@399c4be1]" started-at="2022-07-21T22:28:05 IST" name="teardown" finished-at="2022-07-21T22:28:06 IST" duration-ms="1349" status="PASS">
          <reporter-output>
          </reporter-output>
        </test-method> <!-- teardown -->
      </class> <!-- com.demo.insuranceCalculation_Motorcycle.ErrorTests_Motorcycle -->
      <class name="com.demo.insuranceCalculation_Motorcycle.EndToEndTests_Motorcycle">
        <test-method is-config="true" signature="initiateObjects()[pri:0, instance:com.demo.insuranceCalculation_Motorcycle.EndToEndTests_Motorcycle@4961f6af]" started-at="2022-07-21T22:26:59 IST" name="initiateObjects" finished-at="2022-07-21T22:26:59 IST" duration-ms="25" status="PASS">
          <reporter-output>
          </reporter-output>
        </test-method> <!-- initiateObjects -->
        <test-method is-config="true" signature="setup()[pri:0, instance:com.demo.insuranceCalculation_Motorcycle.EndToEndTests_Motorcycle@4961f6af]" started-at="2022-07-21T22:26:59 IST" name="setup" finished-at="2022-07-21T22:27:11 IST" duration-ms="11649" status="PASS">
          <reporter-output>
          </reporter-output>
        </test-method> <!-- setup -->
        <test-method signature="insuranceCalculate()[pri:0, instance:com.demo.insuranceCalculation_Motorcycle.EndToEndTests_Motorcycle@4961f6af]" started-at="2022-07-21T22:27:11 IST" name="insuranceCalculate" finished-at="2022-07-21T22:27:28 IST" duration-ms="16786" status="PASS">
          <reporter-output>
          </reporter-output>
        </test-method> <!-- insuranceCalculate -->
        <test-method is-config="true" signature="teardown()[pri:0, instance:com.demo.insuranceCalculation_Motorcycle.EndToEndTests_Motorcycle@4961f6af]" started-at="2022-07-21T22:27:28 IST" name="teardown" finished-at="2022-07-21T22:27:30 IST" duration-ms="1712" status="PASS">
          <reporter-output>
          </reporter-output>
        </test-method> <!-- teardown -->
      </class> <!-- com.demo.insuranceCalculation_Motorcycle.EndToEndTests_Motorcycle -->
    </test> <!-- Test -->
  </suite> <!-- Suite -->
</testng-results>
